
[Kali Sentinel] Starting Threat Detection...
[*] Running network scan module...
[*] Scanning subnet: 192.168.1.0/24
Starting Nmap 7.95 ( https://nmap.org ) at 2025-07-10 04:58 PDT
Nmap scan report for RTK_GW.bbrouter (192.168.1.1)
Host is up (0.0048s latency).
Not shown: 98 filtered tcp ports (no-response)
PORT    STATE SERVICE
80/tcp  open  http
443/tcp open  https
MAC Address: A8:E2:07:00:25:D9 (Goip Global Services Pvt.)

Nmap scan report for Archer_C20.bbrouter (192.168.1.2)
Host is up (0.0052s latency).
All 100 scanned ports on Archer_C20.bbrouter (192.168.1.2) are in ignored states.
Not shown: 100 filtered tcp ports (no-response)
MAC Address: 98:25:4A:25:C7:F1 (TP-Link PTE.)

Nmap scan report for DIR_615X_RT8196E.bbrouter (192.168.1.3)
Host is up (0.0059s latency).
Not shown: 99 filtered tcp ports (no-response)
PORT     STATE  SERVICE
8081/tcp closed blackice-icecap
MAC Address: E0:1C:FC:EF:3F:B1 (D-Link International)

Nmap scan report for 192.168.1.11
Host is up (0.049s latency).
All 100 scanned ports on 192.168.1.11 are in ignored states.
Not shown: 100 closed tcp ports (reset)
MAC Address: EC:C1:AB:56:B5:FF (Guangzhou Shiyuan Electronic Technology Company Limited)

Nmap scan report for kali.bbrouter (192.168.1.8)
Host is up (0.000014s latency).
Not shown: 99 closed tcp ports (reset)
PORT     STATE SERVICE
5000/tcp open  upnp

Nmap done: 256 IP addresses (5 hosts up) scanned in 5.44 seconds
[*] Comparing with last scan...
[+] Diff saved to: ./logs/diff_2025-07-10_04-58.log
[*] Running packet capture module...
[*] Starting packet capture on wlan0 for 60 seconds...
Running as user "root" and group "root". This could be dangerous.
Capturing on 'wlan0'
2189 packets captured
[âœ“] Packet capture saved to: ./pcap/capture_2025-07-10_04-58.pcapng
[âœ“] Sentinel run complete. Check logs and pcap directories.
[*] Generating summary alert...
[*] Analyzing: ./logs/diff_2025-07-10_04-58.log
===== SUMMARY =====
ðŸ†• New Hosts:
192.168.1.0

ðŸš« Removed Hosts:
192.168.1.0

ðŸ” New Open Ports:


ðŸ”’ Removed Ports:

====================
[*] Generating html report...
[+] HTML report saved to: ./logs/summary_latest.html
[Kali Sentinel] Starting Threat Detection...
[*] Running network scan module...
[*] Scanning subnet: 192.168.1.0/24
sudo: a terminal is required to read the password; either use the -S option to read from standard input or configure an askpass helper
sudo: a password is required
[*] Comparing with last scan...
diff: ./scan/scan_2025-07-10_05-00.txt: No such file or directory
[+] Diff saved to: ./logs/diff_2025-07-10_05-00.log
cp: cannot stat './scan/scan_2025-07-10_05-00.txt': No such file or directory
[*] Running packet capture module...
[*] Starting packet capture on wlan0 for 60 seconds...
sudo: a terminal is required to read the password; either use the -S option to read from standard input or configure an askpass helper
sudo: a password is required
sudo: a terminal is required to read the password; either use the -S option to read from standard input or configure an askpass helper
sudo: a password is required
sudo: a terminal is required to read the password; either use the -S option to read from standard input or configure an askpass helper
sudo: a password is required
[âœ“] Packet capture saved to: ./pcap/capture_2025-07-10_05-00.pcapng
[âœ“] Sentinel run complete. Check logs and pcap directories.
[*] Generating summary alert...
[*] Analyzing: ./logs/diff_2025-07-10_05-00.log
===== SUMMARY =====
ðŸ†• New Hosts:


ðŸš« Removed Hosts:


ðŸ” New Open Ports:


ðŸ”’ Removed Ports:

====================
[*] Generating html report...
[+] HTML report saved to: ./logs/summary_latest.html
[Kali Sentinel] Starting Threat Detection...
[*] Running network scan module...
[*] Scanning subnet: 192.168.1.0/24
Starting Nmap 7.95 ( https://nmap.org ) at 2025-07-10 05:06 PDT
Nmap scan report for RTK_GW.bbrouter (192.168.1.1)
Host is up (0.0038s latency).
Not shown: 98 filtered tcp ports (no-response)
PORT    STATE SERVICE
80/tcp  open  http
443/tcp open  https
MAC Address: A8:E2:07:00:25:D9 (Goip Global Services Pvt.)

Nmap scan report for Archer_C20.bbrouter (192.168.1.2)
Host is up (0.0037s latency).
All 100 scanned ports on Archer_C20.bbrouter (192.168.1.2) are in ignored states.
Not shown: 100 filtered tcp ports (no-response)
MAC Address: 98:25:4A:25:C7:F1 (TP-Link PTE.)

Nmap scan report for DIR_615X_RT8196E.bbrouter (192.168.1.3)
Host is up (0.0086s latency).
Not shown: 99 filtered tcp ports (no-response)
PORT     STATE  SERVICE
8081/tcp closed blackice-icecap
MAC Address: E0:1C:FC:EF:3F:B1 (D-Link International)

Nmap scan report for 192.168.1.10
Host is up (0.40s latency).
All 100 scanned ports on 192.168.1.10 are in ignored states.
Not shown: 100 filtered tcp ports (no-response)
MAC Address: B6:19:D8:86:51:21 (Unknown)

Nmap scan report for 192.168.1.11
Host is up (0.075s latency).
All 100 scanned ports on 192.168.1.11 are in ignored states.
Not shown: 100 closed tcp ports (reset)
MAC Address: EC:C1:AB:56:B5:FF (Guangzhou Shiyuan Electronic Technology Company Limited)

Nmap scan report for kali.bbrouter (192.168.1.8)
Host is up (0.0000070s latency).
Not shown: 99 closed tcp ports (reset)
PORT     STATE SERVICE
5000/tcp open  upnp

Nmap done: 256 IP addresses (6 hosts up) scanned in 18.00 seconds
[*] Comparing with last scan...
[+] Diff saved to: ./logs/diff_2025-07-10_05-06.log
[*] Running packet capture module...
[*] Starting packet capture on wlan0 for 60 seconds...
Running as user "root" and group "root". This could be dangerous.
Capturing on 'wlan0'
591 packets captured
[âœ“] Packet capture saved to: ./pcap/capture_2025-07-10_05-06.pcapng
[âœ“] Sentinel run complete. Check logs and pcap directories.
[*] Generating summary alert...
[*] Analyzing: ./logs/diff_2025-07-10_05-06.log
===== SUMMARY =====
ðŸ†• New Hosts:
192.168.1.0
192.168.1.10

ðŸš« Removed Hosts:
192.168.1.0

ðŸ” New Open Ports:


ðŸ”’ Removed Ports:

====================
[*] Generating html report...
[+] HTML report saved to: ./logs/summary_latest.html
[Kali Sentinel] Starting Threat Detection...
[*] Running network scan module...
[*] Scanning subnet: 192.168.1.0/24
Starting Nmap 7.95 ( https://nmap.org ) at 2025-07-10 05:30 PDT
Nmap scan report for RTK_GW.bbrouter (192.168.1.1)
Host is up (0.039s latency).
Not shown: 98 filtered tcp ports (no-response)
PORT    STATE SERVICE
80/tcp  open  http
443/tcp open  https
MAC Address: A8:E2:07:00:25:D9 (Goip Global Services Pvt.)

Nmap scan report for Archer_C20.bbrouter (192.168.1.2)
Host is up (0.077s latency).
All 100 scanned ports on Archer_C20.bbrouter (192.168.1.2) are in ignored states.
Not shown: 100 filtered tcp ports (no-response)
MAC Address: 98:25:4A:25:C7:F1 (TP-Link PTE.)

Nmap scan report for DIR_615X_RT8196E.bbrouter (192.168.1.3)
Host is up (0.066s latency).
Not shown: 99 filtered tcp ports (no-response)
PORT     STATE  SERVICE
8081/tcp closed blackice-icecap
MAC Address: E0:1C:FC:EF:3F:B1 (D-Link International)

Nmap scan report for 192.168.1.10
Host is up (0.16s latency).
All 100 scanned ports on 192.168.1.10 are in ignored states.
Not shown: 100 filtered tcp ports (no-response)
MAC Address: B6:19:D8:86:51:21 (Unknown)

Nmap scan report for 192.168.1.11
Host is up (0.016s latency).
All 100 scanned ports on 192.168.1.11 are in ignored states.
Not shown: 100 closed tcp ports (reset)
MAC Address: EC:C1:AB:56:B5:FF (Guangzhou Shiyuan Electronic Technology Company Limited)

Nmap scan report for Faiz.bbrouter (192.168.1.16)
Host is up (0.010s latency).
All 100 scanned ports on Faiz.bbrouter (192.168.1.16) are in ignored states.
Not shown: 100 closed tcp ports (reset)
MAC Address: 46:F1:23:3C:0E:5A (Unknown)

Nmap scan report for kali.bbrouter (192.168.1.8)
Host is up (0.0000030s latency).
Not shown: 99 closed tcp ports (reset)
PORT     STATE SERVICE
5000/tcp open  upnp

Nmap done: 256 IP addresses (7 hosts up) scanned in 11.52 seconds
[*] Comparing with last scan...
[+] Diff saved to: ./logs/diff_2025-07-10_05-30.log
[*] Running packet capture module...
[*] Starting packet capture on wlan0 for 60 seconds...
Capturing on 'wlan0'
2199 packets captured
[âœ“] Packet capture saved to: ./pcap/capture_2025-07-10_05-30.pcapng
[âœ“] Sentinel run complete. Check logs and pcap directories.
[*] Generating summary alert...
[*] Analyzing: ./logs/diff_2025-07-10_05-27.log
===== SUMMARY =====
ðŸ†• New Hosts:
192.168.1.0
192.168.1.17

ðŸš« Removed Hosts:
192.168.1.0

ðŸ” New Open Ports:


ðŸ”’ Removed Ports:

====================
[*] Generating html report...
[+] HTML report saved to: ./logs/summary_latest.html
/home/kali/Desktop/kali-sentinel/run_sentinel.sh: line 2: ./logs/cron_debug.log: No such file or directory
[Kali Sentinel] Starting Threat Detection...
[*] Running network scan module...
[*] Scanning subnet: 192.168.1.0/24
Failed to open normal output file ./scan/scan_2025-07-10_06-30.txt for writing: Permission denied (13)
[*] Comparing with last scan...
[+] Diff saved to: ./logs/diff_2025-07-10_06-30.log
[*] Running packet capture module...
[*] Starting packet capture on wlan0 for 60 seconds...
Capturing on 'wlan0'
1801 packets captured
[âœ“] Packet capture saved to: ./pcap/capture_2025-07-10_06-30.pcapng
[âœ“] Sentinel run complete. Check logs and pcap directories.
[*] Generating summary alert...
[*] Analyzing: ./logs/diff_2025-07-10_06-30.log
===== SUMMARY =====
ðŸ†• New Hosts:
192.168.1.0
192.168.1.1
192.168.1.11
192.168.1.2
192.168.1.3
192.168.1.8

ðŸš« Removed Hosts:


ðŸ” New Open Ports:
> 80/tcp  open  http ðŸŒ HTTP
> 443/tcp open  https ðŸ”’ HTTPS
> 5000/tcp open  upnp

ðŸ”’ Removed Ports:

====================
[*] Generating html report...
[+] HTML report saved to: ./logs/summary_latest.html
/home/kali/Desktop/kali-sentinel/run_sentinel.sh: line 2: ./logs/cron_debug.log: No such file or directory
[Kali Sentinel] Starting Threat Detection...
[*] Running network scan module...
[*] Scanning subnet: 192.168.1.0/24
Failed to open normal output file ./scan/scan_2025-07-10_07-00.txt for writing: Permission denied (13)
[*] Comparing with last scan...
[+] Diff saved to: ./logs/diff_2025-07-10_07-00.log
[*] Running packet capture module...
[*] Starting packet capture on wlan0 for 60 seconds...
Capturing on 'wlan0'
1442 packets captured
[âœ“] Packet capture saved to: ./pcap/capture_2025-07-10_07-00.pcapng
[âœ“] Sentinel run complete. Check logs and pcap directories.
[*] Generating summary alert...
[*] Analyzing: ./logs/diff_2025-07-10_07-00.log
===== SUMMARY =====
ðŸ†• New Hosts:
192.168.1.0
192.168.1.1
192.168.1.11
192.168.1.2
192.168.1.3
192.168.1.8

ðŸš« Removed Hosts:


ðŸ” New Open Ports:
> 80/tcp  open  http ðŸŒ HTTP
> 443/tcp open  https ðŸ”’ HTTPS
> 5000/tcp open  upnp

ðŸ”’ Removed Ports:

====================
[*] Generating html report...
[+] HTML report saved to: ./logs/summary_latest.html
/home/kali/Desktop/kali-sentinel/run_sentinel.sh: line 2: ./logs/cron_debug.log: No such file or directory
[Kali Sentinel] Starting Threat Detection...
[*] Running network scan module...
[*] Scanning subnet: 192.168.1.0/24
Failed to open normal output file ./scan/scan_2025-07-10_07-30.txt for writing: Permission denied (13)
[*] Comparing with last scan...
[+] Diff saved to: ./logs/diff_2025-07-10_07-30.log
[*] Running packet capture module...
[*] Starting packet capture on wlan0 for 60 seconds...
Capturing on 'wlan0'
1431 packets captured
[âœ“] Packet capture saved to: ./pcap/capture_2025-07-10_07-30.pcapng
[âœ“] Sentinel run complete. Check logs and pcap directories.
[*] Generating summary alert...
[*] Analyzing: ./logs/diff_2025-07-10_07-30.log
===== SUMMARY =====
ðŸ†• New Hosts:
192.168.1.0
192.168.1.1
192.168.1.11
192.168.1.2
192.168.1.3
192.168.1.8

ðŸš« Removed Hosts:


ðŸ” New Open Ports:
> 80/tcp  open  http ðŸŒ HTTP
> 443/tcp open  https ðŸ”’ HTTPS
> 5000/tcp open  upnp

ðŸ”’ Removed Ports:

====================
[*] Generating html report...
[+] HTML report saved to: ./logs/summary_latest.html
/home/kali/Desktop/kali-sentinel/run_sentinel.sh: line 2: ./logs/cron_debug.log: No such file or directory
[Kali Sentinel] Starting Threat Detection...
[*] Running network scan module...
[*] Scanning subnet: 192.168.1.0/24
Failed to open normal output file ./scan/scan_2025-07-10_08-00.txt for writing: Permission denied (13)
[*] Comparing with last scan...
[+] Diff saved to: ./logs/diff_2025-07-10_08-00.log
[*] Running packet capture module...
[*] Starting packet capture on wlan0 for 60 seconds...
Capturing on 'wlan0'
1253 packets captured
[âœ“] Packet capture saved to: ./pcap/capture_2025-07-10_08-00.pcapng
[âœ“] Sentinel run complete. Check logs and pcap directories.
[*] Generating summary alert...
[*] Analyzing: ./logs/diff_2025-07-10_08-00.log
===== SUMMARY =====
ðŸ†• New Hosts:
192.168.1.0
192.168.1.1
192.168.1.2
192.168.1.3
192.168.1.8

ðŸš« Removed Hosts:


ðŸ” New Open Ports:
> 80/tcp  open  http ðŸŒ HTTP
> 443/tcp open  https ðŸ”’ HTTPS
> 5000/tcp open  upnp

ðŸ”’ Removed Ports:

====================
[*] Generating html report...
[+] HTML report saved to: ./logs/summary_latest.html
/home/kali/Desktop/kali-sentinel/run_sentinel.sh: line 2: ./logs/cron_debug.log: No such file or directory
[Kali Sentinel] Starting Threat Detection...
[*] Running network scan module...
[*] Scanning subnet: 192.168.1.0/24
Starting Nmap 7.95 ( https://nmap.org ) at 2025-07-10 08:30 PDT
Nmap scan report for RTK_GW.bbrouter (192.168.1.1)
Host is up (0.0045s latency).
Not shown: 98 filtered tcp ports (no-response)
PORT    STATE SERVICE
80/tcp  open  http
443/tcp open  https
MAC Address: A8:E2:07:00:25:D9 (Goip Global Services Pvt.)

Nmap scan report for Archer_C20.bbrouter (192.168.1.2)
Host is up (0.0044s latency).
All 100 scanned ports on Archer_C20.bbrouter (192.168.1.2) are in ignored states.
Not shown: 100 filtered tcp ports (no-response)
MAC Address: 98:25:4A:25:C7:F1 (TP-Link PTE.)

Nmap scan report for DIR_615X_RT8196E.bbrouter (192.168.1.3)
Host is up (0.0048s latency).
Not shown: 99 filtered tcp ports (no-response)
PORT     STATE  SERVICE
8081/tcp closed blackice-icecap
MAC Address: E0:1C:FC:EF:3F:B1 (D-Link International)

Nmap scan report for kali.bbrouter (192.168.1.8)
Host is up (0.0000010s latency).
Not shown: 99 closed tcp ports (reset)
PORT     STATE SERVICE
5000/tcp open  upnp

Nmap done: 256 IP addresses (4 hosts up) scanned in 4.94 seconds
[*] Comparing with last scan...
./scripts/net_scan.sh: line 18: ./logs/diff_2025-07-10_08-30.log: Permission denied
[+] Diff saved to: ./logs/diff_2025-07-10_08-30.log
[*] Running packet capture module...
[*] Starting packet capture on wlan0 for 60 seconds...
chmod: changing permissions of './pcap/capture_2025-07-10_08-30.pcapng': Operation not permitted
Capturing on 'wlan0'
112 packets captured
[âœ“] Packet capture saved to: ./pcap/capture_2025-07-10_08-30.pcapng
[âœ“] Sentinel run complete. Check logs and pcap directories.
[*] Generating summary alert...
[*] Analyzing: ./logs/diff_2025-07-10_08-30.log
===== SUMMARY =====
ðŸ†• New Hosts:
192.168.1.1

ðŸš« Removed Hosts:
192.168.1.0
192.168.1.1

ðŸ” New Open Ports:


ðŸ”’ Removed Ports:

====================
[*] Generating html report...
[+] HTML report saved to: ./logs/summary_latest.html
/home/kali/Desktop/kali-sentinel/run_sentinel.sh: line 2: ./logs/cron_debug.log: No such file or directory
[Kali Sentinel] Starting Threat Detection...
[*] Running network scan module...
[*] Scanning subnet: 192.168.1.0/24
Failed to open normal output file ./scan/scan_2025-07-10_09-30.txt for writing: Permission denied (13)
[*] Comparing with last scan...
[+] Diff saved to: ./logs/diff_2025-07-10_09-30.log
[*] Running packet capture module...
[*] Starting packet capture on wlan0 for 60 seconds...
Capturing on 'wlan0'
4154 packets captured
[âœ“] Packet capture saved to: ./pcap/capture_2025-07-10_09-30.pcapng
[âœ“] Sentinel run complete. Check logs and pcap directories.
[*] Generating summary alert...
[*] Analyzing: ./logs/diff_2025-07-10_09-30.log
===== SUMMARY =====
ðŸ†• New Hosts:


ðŸš« Removed Hosts:


ðŸ” New Open Ports:


ðŸ”’ Removed Ports:

====================
[*] Generating html report...
[+] HTML report saved to: ./logs/summary_latest.html
/home/kali/Desktop/kali-sentinel/run_sentinel.sh: line 2: ./logs/cron_debug.log: No such file or directory
[Kali Sentinel] Starting Threat Detection...
[*] Running network scan module...
[*] Scanning subnet: 192.168.1.0/24
Starting Nmap 7.95 ( https://nmap.org ) at 2025-07-10 10:00 PDT
Nmap scan report for RTK_GW.bbrouter (192.168.1.1)
Host is up (0.0052s latency).
Not shown: 98 filtered tcp ports (no-response)
PORT    STATE SERVICE
80/tcp  open  http
443/tcp open  https
MAC Address: A8:E2:07:00:25:D9 (Goip Global Services Pvt.)

Nmap scan report for Archer_C20.bbrouter (192.168.1.2)
Host is up (0.0052s latency).
All 100 scanned ports on Archer_C20.bbrouter (192.168.1.2) are in ignored states.
Not shown: 100 filtered tcp ports (no-response)
MAC Address: 98:25:4A:25:C7:F1 (TP-Link PTE.)

Nmap scan report for DIR_615X_RT8196E.bbrouter (192.168.1.3)
Host is up (0.0056s latency).
Not shown: 99 filtered tcp ports (no-response)
PORT     STATE  SERVICE
8081/tcp closed blackice-icecap
MAC Address: E0:1C:FC:EF:3F:B1 (D-Link International)

Nmap scan report for 192.168.1.11
Host is up (0.65s latency).
All 100 scanned ports on 192.168.1.11 are in ignored states.
Not shown: 100 closed tcp ports (reset)
MAC Address: EC:C1:AB:56:B5:FF (Guangzhou Shiyuan Electronic Technology Company Limited)

Nmap scan report for kali.bbrouter (192.168.1.8)
Host is up (0.000012s latency).
All 100 scanned ports on kali.bbrouter (192.168.1.8) are in ignored states.
Not shown: 100 closed tcp ports (reset)

Nmap done: 256 IP addresses (5 hosts up) scanned in 16.08 seconds
[*] Comparing with last scan...
[+] Diff saved to: ./logs/diff_2025-07-10_10-00.log
[*] Running packet capture module...
[*] Starting packet capture on wlan0 for 60 seconds...
Capturing on 'wlan0'
843 packets captured
[âœ“] Packet capture saved to: ./pcap/capture_2025-07-10_10-00.pcapng
[âœ“] Sentinel run complete. Check logs and pcap directories.
[*] Generating summary alert...
[*] Analyzing: ./logs/diff_2025-07-10_10-00.log
===== SUMMARY =====
ðŸ†• New Hosts:


ðŸš« Removed Hosts:


ðŸ” New Open Ports:


ðŸ”’ Removed Ports:

====================
[*] Generating html report...
[+] HTML report saved to: ./logs/summary_latest.html
/home/kali/Desktop/kali-sentinel/run_sentinel.sh: line 2: ./logs/cron_debug.log: No such file or directory
[Kali Sentinel] Starting Threat Detection...
[*] Running network scan module...
[*] Scanning subnet: 192.168.1.0/24
Failed to open normal output file ./scan/scan_2025-07-10_10-30.txt for writing: Permission denied (13)
[*] Comparing with last scan...
[+] Diff saved to: ./logs/diff_2025-07-10_10-30.log
[*] Running packet capture module...
[*] Starting packet capture on wlan0 for 60 seconds...
Capturing on 'wlan0'
3204 packets captured
[âœ“] Packet capture saved to: ./pcap/capture_2025-07-10_10-30.pcapng
[âœ“] Sentinel run complete. Check logs and pcap directories.
[*] Generating summary alert...
[*] Analyzing: ./logs/diff_2025-07-10_10-30.log
===== SUMMARY =====
ðŸ†• New Hosts:
192.168.1.0
192.168.1.7

ðŸš« Removed Hosts:
192.168.1.0

ðŸ” New Open Ports:


ðŸ”’ Removed Ports:

====================
[*] Generating html report...
[+] HTML report saved to: ./logs/summary_latest.html
[*] Calculating threat score...
20 [SAFE]
/home/kali/Desktop/kali-sentinel/run_sentinel.sh: line 2: ./logs/cron_debug.log: No such file or directory
[Kali Sentinel] Starting Threat Detection...
[*] Running network scan module...
[*] Scanning subnet: 192.168.1.0/24
Starting Nmap 7.95 ( https://nmap.org ) at 2025-07-10 11:00 PDT
Nmap scan report for RTK_GW.bbrouter (192.168.1.1)
Host is up (0.0045s latency).
Not shown: 98 filtered tcp ports (no-response)
PORT    STATE SERVICE
80/tcp  open  http
443/tcp open  https
MAC Address: A8:E2:07:00:25:D9 (Goip Global Services Pvt.)

Nmap scan report for Archer_C20.bbrouter (192.168.1.2)
Host is up (0.0034s latency).
All 100 scanned ports on Archer_C20.bbrouter (192.168.1.2) are in ignored states.
Not shown: 100 filtered tcp ports (no-response)
MAC Address: 98:25:4A:25:C7:F1 (TP-Link PTE.)

Nmap scan report for DIR_615X_RT8196E.bbrouter (192.168.1.3)
Host is up (0.0059s latency).
Not shown: 99 filtered tcp ports (no-response)
PORT     STATE  SERVICE
8081/tcp closed blackice-icecap
MAC Address: E0:1C:FC:EF:3F:B1 (D-Link International)

Nmap scan report for 192.168.1.10
Host is up (0.039s latency).
All 100 scanned ports on 192.168.1.10 are in ignored states.
Not shown: 100 filtered tcp ports (no-response)
MAC Address: B6:19:D8:86:51:21 (Unknown)

Nmap scan report for kali.bbrouter (192.168.1.8)
Host is up (0.0000050s latency).
Not shown: 99 closed tcp ports (reset)
PORT     STATE SERVICE
5000/tcp open  upnp

Nmap done: 256 IP addresses (5 hosts up) scanned in 5.44 seconds
[*] Comparing with last scan...
[+] Diff saved to: ./logs/diff_2025-07-10_11-00.log
[*] Running packet capture module...
[*] Starting packet capture on wlan0 for 60 seconds...
Capturing on 'wlan0'
2802 packets captured
[âœ“] Packet capture saved to: ./pcap/capture_2025-07-10_11-00.pcapng
[âœ“] Sentinel run complete. Check logs and pcap directories.
[*] Generating summary alert...
[*] Analyzing: ./logs/diff_2025-07-10_11-00.log
===== SUMMARY =====
ðŸ†• New Hosts:
192.168.1.0

ðŸš« Removed Hosts:
192.168.1.0
192.168.1.10

ðŸ” New Open Ports:


ðŸ”’ Removed Ports:

====================
[*] Generating html report...
[+] HTML report saved to: ./logs/summary_latest.html
[*] Evaluating email alert...
[âœ“] Threat score (10) is safe. No email sent.
[*] Calculating threat score...
10 [SAFE]
/home/kali/Desktop/kali-sentinel/run_sentinel.sh: line 2: ./logs/cron_debug.log: No such file or directory
[Kali Sentinel] Starting Threat Detection...
[*] Running network scan module...
[*] Scanning subnet: 192.168.1.0/24
Failed to open normal output file ./scan/scan_2025-07-10_11-30.txt for writing: Permission denied (13)
[*] Comparing with last scan...
[+] Diff saved to: ./logs/diff_2025-07-10_11-30.log
[*] Running packet capture module...
[*] Starting packet capture on wlan0 for 60 seconds...
Capturing on 'wlan0'
1766 packets captured
[âœ“] Packet capture saved to: ./pcap/capture_2025-07-10_11-30.pcapng
[âœ“] Sentinel run complete. Check logs and pcap directories.
[*] Generating summary alert...
[*] Analyzing: ./logs/diff_2025-07-10_11-30.log
===== SUMMARY =====
ðŸ†• New Hosts:
192.168.1.0
192.168.1.1
192.168.1.2
192.168.1.3
192.168.1.8

ðŸš« Removed Hosts:


ðŸ” New Open Ports:
> 80/tcp  open  http ðŸŒ HTTP
> 443/tcp open  https ðŸ”’ HTTPS
> 5000/tcp open  upnp

ðŸ”’ Removed Ports:

====================
[*] Generating html report...
[+] HTML report saved to: ./logs/summary_latest.html
[*] Calculating threat score...
50 [MODERATE]
[*] Evaluating email alert...
[âœ“] Threat score (50) is safe. No email sent.
/home/kali/Desktop/kali-sentinel/run_sentinel.sh: line 2: ./logs/cron_debug.log: No such file or directory
[Kali Sentinel] Starting Threat Detection...
[*] Running network scan module...
[*] Scanning subnet: 192.168.1.0/24
Failed to open normal output file ./scan/scan_2025-07-10_12-00.txt for writing: Permission denied (13)
[*] Comparing with last scan...
[+] Diff saved to: ./logs/diff_2025-07-10_12-00.log
[*] Running packet capture module...
[*] Starting packet capture on wlan0 for 60 seconds...
Capturing on 'wlan0'
1694 packets captured
[âœ“] Packet capture saved to: ./pcap/capture_2025-07-10_12-00.pcapng
[*] Evaluating email alert...
[âœ“] Threat score (10) is safe. No email sent.
[âœ“] Sentinel run complete. Check logs and pcap directories.
[*] Generating summary alert...
[*] Analyzing: ./logs/diff_2025-07-10_12-00.log
===== SUMMARY =====
ðŸ†• New Hosts:
192.168.1.0
192.168.1.1
192.168.1.2
192.168.1.3
192.168.1.8

ðŸš« Removed Hosts:


ðŸ” New Open Ports:
> 80/tcp  open  http ðŸŒ HTTP
> 443/tcp open  https ðŸ”’ HTTPS
> 5000/tcp open  upnp

ðŸ”’ Removed Ports:

====================
[*] Generating html report...
[+] HTML report saved to: ./logs/summary_latest.html
[*] Calculating threat score...
50 [MODERATE]
[*] Evaluating email alert...
[âœ“] Threat score (50) is safe. No email sent.
