1c1
< # Nmap 7.95 scan initiated Thu Jul 10 13:01:09 2025 as: /usr/lib/nmap/nmap -T4 -F -oN ./scan/scan_2025-07-10_13-01.txt 192.168.1.0/24
---
> # Nmap 7.95 scan initiated Thu Jul 10 13:30:01 2025 as: /usr/lib/nmap/nmap -T4 -F -oN ./scan/scan_2025-07-10_13-30.txt 192.168.1.0/24
3c3
< Host is up (0.0079s latency).
---
> Host is up (0.040s latency).
11c11
< Host is up (0.019s latency).
---
> Host is up (0.057s latency).
17c17
< Host is up (0.0083s latency).
---
> Host is up (0.035s latency).
23,28d22
< Nmap scan report for 192.168.1.10
< Host is up (0.10s latency).
< All 100 scanned ports on 192.168.1.10 are in ignored states.
< Not shown: 100 filtered tcp ports (no-response)
< MAC Address: B6:19:D8:86:51:21 (Unknown)
< 
30,33c24,26
< Host is up (0.000011s latency).
< Not shown: 99 closed tcp ports (reset)
< PORT     STATE SERVICE
< 5000/tcp open  upnp
---
> Host is up (0.000010s latency).
> All 100 scanned ports on kali.bbrouter (192.168.1.8) are in ignored states.
> Not shown: 100 closed tcp ports (reset)
35c28
< # Nmap done at Thu Jul 10 13:01:32 2025 -- 256 IP addresses (5 hosts up) scanned in 22.65 seconds
---
> # Nmap done at Thu Jul 10 13:30:09 2025 -- 256 IP addresses (4 hosts up) scanned in 7.54 seconds
