1c1
< # Nmap 7.95 scan initiated Wed Jul  9 11:29:34 2025 as: /usr/lib/nmap/nmap -T4 -F -oN ./scan/scan_2025-07-09_11-29.txt 192.168.1.0/24
---
> # Nmap 7.95 scan initiated Wed Jul  9 11:32:14 2025 as: /usr/lib/nmap/nmap -T4 -F -oN ./scan/scan_2025-07-09_11-32.txt 192.168.1.0/24
3c3
< Host is up (0.0051s latency).
---
> Host is up (0.018s latency).
11c11
< Host is up (0.0045s latency).
---
> Host is up (0.030s latency).
17c17
< Host is up (0.0054s latency).
---
> Host is up (0.014s latency).
23,35d22
< Nmap scan report for 192.168.1.7
< Host is up (0.0046s latency).
< All 100 scanned ports on 192.168.1.7 are in ignored states.
< Not shown: 100 closed tcp ports (reset)
< MAC Address: 1E:58:EB:D3:85:DF (Unknown)
< 
< Nmap scan report for 192.168.1.10
< Host is up (0.063s latency).
< Not shown: 99 filtered tcp ports (no-response)
< PORT     STATE SERVICE
< 6646/tcp open  unknown
< MAC Address: B6:19:D8:86:51:21 (Unknown)
< 
37c24
< Host is up (0.0000020s latency).
---
> Host is up (0.0000080s latency).
41c28
< # Nmap done at Wed Jul  9 11:29:42 2025 -- 256 IP addresses (6 hosts up) scanned in 8.08 seconds
---
> # Nmap done at Wed Jul  9 11:32:19 2025 -- 256 IP addresses (4 hosts up) scanned in 4.89 seconds
