1c1
< # Nmap 7.95 scan initiated Fri Jul 11 10:00:01 2025 as: /usr/lib/nmap/nmap -T4 -F -oN ./scan/scan_2025-07-11_10-00.txt 192.168.1.0/24
---
> # Nmap 7.95 scan initiated Fri Jul 11 10:12:29 2025 as: /usr/lib/nmap/nmap -T4 -F -oN ./scan/scan_2025-07-11_10-12.txt 192.168.1.0/24
3c3
< Host is up (0.013s latency).
---
> Host is up (0.066s latency).
11c11
< Host is up (0.0033s latency).
---
> Host is up (0.10s latency).
17c17
< Host is up (0.0038s latency).
---
> Host is up (0.085s latency).
23,28d22
< Nmap scan report for V2153.bbrouter (192.168.1.9)
< Host is up (0.0077s latency).
< All 100 scanned ports on V2153.bbrouter (192.168.1.9) are in ignored states.
< Not shown: 100 closed tcp ports (reset)
< MAC Address: A6:A1:DC:6F:05:DA (Unknown)
< 
30c24
< Host is up (0.093s latency).
---
> Host is up (0.13s latency).
36,38c30,33
< Host is up (0.0000090s latency).
< All 100 scanned ports on kali.bbrouter (192.168.1.8) are in ignored states.
< Not shown: 100 closed tcp ports (reset)
---
> Host is up (0.0000040s latency).
> Not shown: 99 closed tcp ports (reset)
> PORT     STATE SERVICE
> 5000/tcp open  upnp
40c35
< # Nmap done at Fri Jul 11 10:01:06 2025 -- 256 IP addresses (6 hosts up) scanned in 64.67 seconds
---
> # Nmap done at Fri Jul 11 10:12:46 2025 -- 256 IP addresses (5 hosts up) scanned in 17.28 seconds
