1c1
< # Nmap 7.95 scan initiated Tue Jul  8 13:37:15 2025 as: /usr/lib/nmap/nmap -T4 -F -oN ./scan/scan_2025-07-08_13-37.txt 192.168.1.0/24
---
> # Nmap 7.95 scan initiated Tue Jul  8 13:48:33 2025 as: /usr/lib/nmap/nmap -T4 -F -oN ./scan/scan_2025-07-08_13-48.txt 192.168.1.0/24
3c3
< Host is up (0.0047s latency).
---
> Host is up (0.0099s latency).
11c11
< Host is up (0.0045s latency).
---
> Host is up (0.012s latency).
17c17
< Host is up (0.0049s latency).
---
> Host is up (0.0089s latency).
23,28d22
< Nmap scan report for 192.168.1.6
< Host is up (0.11s latency).
< All 100 scanned ports on 192.168.1.6 are in ignored states.
< Not shown: 100 filtered tcp ports (no-response)
< MAC Address: B6:19:D8:86:51:21 (Unknown)
< 
30c24
< Host is up (0.0000070s latency).
---
> Host is up (0.0000020s latency).
34c28
< # Nmap done at Tue Jul  8 13:37:22 2025 -- 256 IP addresses (5 hosts up) scanned in 7.08 seconds
---
> # Nmap done at Tue Jul  8 13:48:38 2025 -- 256 IP addresses (4 hosts up) scanned in 5.10 seconds
