1c1
< # Nmap 7.95 scan initiated Thu Jul 10 13:30:01 2025 as: /usr/lib/nmap/nmap -T4 -F -oN ./scan/scan_2025-07-10_13-30.txt 192.168.1.0/24
---
> # Nmap 7.95 scan initiated Thu Jul 10 13:31:49 2025 as: /usr/lib/nmap/nmap -T4 -F -oN ./scan/scan_2025-07-10_13-31.txt 192.168.1.0/24
3c3
< Host is up (0.040s latency).
---
> Host is up (0.0050s latency).
11c11
< Host is up (0.057s latency).
---
> Host is up (0.0044s latency).
17c17
< Host is up (0.035s latency).
---
> Host is up (0.0083s latency).
23,25c23,25
< Nmap scan report for kali.bbrouter (192.168.1.8)
< Host is up (0.000010s latency).
< All 100 scanned ports on kali.bbrouter (192.168.1.8) are in ignored states.
---
> Nmap scan report for Faiz.bbrouter (192.168.1.16)
> Host is up (0.31s latency).
> All 100 scanned ports on Faiz.bbrouter (192.168.1.16) are in ignored states.
26a27,33
> MAC Address: 46:F1:23:3C:0E:5A (Unknown)
> 
> Nmap scan report for kali.bbrouter (192.168.1.8)
> Host is up (0.0000030s latency).
> Not shown: 99 closed tcp ports (reset)
> PORT     STATE SERVICE
> 5000/tcp open  upnp
28c35
< # Nmap done at Thu Jul 10 13:30:09 2025 -- 256 IP addresses (4 hosts up) scanned in 7.54 seconds
---
> # Nmap done at Thu Jul 10 13:32:50 2025 -- 256 IP addresses (5 hosts up) scanned in 60.70 seconds
