1,31c1
< # Nmap 7.95 scan initiated Thu Jul 10 05:27:33 2025 as: /usr/lib/nmap/nmap -T4 -F -oN ./scan/scan_2025-07-10_05-27.txt 192.168.1.0/24
< RTTVAR has grown to over 2.3 seconds, decreasing to 2.0
< RTTVAR has grown to over 2.3 seconds, decreasing to 2.0
< RTTVAR has grown to over 2.3 seconds, decreasing to 2.0
< RTTVAR has grown to over 2.3 seconds, decreasing to 2.0
< RTTVAR has grown to over 2.3 seconds, decreasing to 2.0
< RTTVAR has grown to over 2.3 seconds, decreasing to 2.0
< RTTVAR has grown to over 2.3 seconds, decreasing to 2.0
< RTTVAR has grown to over 2.3 seconds, decreasing to 2.0
< RTTVAR has grown to over 2.3 seconds, decreasing to 2.0
< RTTVAR has grown to over 2.3 seconds, decreasing to 2.0
< RTTVAR has grown to over 2.3 seconds, decreasing to 2.0
< RTTVAR has grown to over 2.3 seconds, decreasing to 2.0
< RTTVAR has grown to over 2.3 seconds, decreasing to 2.0
< RTTVAR has grown to over 2.3 seconds, decreasing to 2.0
< RTTVAR has grown to over 2.3 seconds, decreasing to 2.0
< RTTVAR has grown to over 2.3 seconds, decreasing to 2.0
< RTTVAR has grown to over 2.3 seconds, decreasing to 2.0
< RTTVAR has grown to over 2.3 seconds, decreasing to 2.0
< RTTVAR has grown to over 2.3 seconds, decreasing to 2.0
< RTTVAR has grown to over 2.3 seconds, decreasing to 2.0
< RTTVAR has grown to over 2.3 seconds, decreasing to 2.0
< RTTVAR has grown to over 2.3 seconds, decreasing to 2.0
< RTTVAR has grown to over 2.3 seconds, decreasing to 2.0
< RTTVAR has grown to over 2.3 seconds, decreasing to 2.0
< RTTVAR has grown to over 2.3 seconds, decreasing to 2.0
< RTTVAR has grown to over 2.3 seconds, decreasing to 2.0
< RTTVAR has grown to over 2.3 seconds, decreasing to 2.0
< RTTVAR has grown to over 2.3 seconds, decreasing to 2.0
< RTTVAR has grown to over 2.3 seconds, decreasing to 2.0
< RTTVAR has grown to over 2.3 seconds, decreasing to 2.0
---
> # Nmap 7.95 scan initiated Thu Jul 10 06:20:19 2025 as: /usr/lib/nmap/nmap -T4 -F -oN ./scan/scan_2025-07-10_06-20.txt 192.168.1.0/24
33c3
< Host is up (0.061s latency).
---
> Host is up (0.041s latency).
41c11
< Host is up (0.085s latency).
---
> Host is up (0.059s latency).
47c17
< Host is up (0.055s latency).
---
> Host is up (0.056s latency).
53,67c23,25
< Nmap scan report for 192.168.1.10
< Host is up (0.23s latency).
< All 100 scanned ports on 192.168.1.10 are in ignored states.
< Not shown: 100 filtered tcp ports (no-response)
< MAC Address: B6:19:D8:86:51:21 (Unknown)
< 
< Nmap scan report for 192.168.1.11
< Host is up (0.032s latency).
< All 100 scanned ports on 192.168.1.11 are in ignored states.
< Not shown: 100 closed tcp ports (reset)
< MAC Address: EC:C1:AB:56:B5:FF (Guangzhou Shiyuan Electronic Technology Company Limited)
< 
< Nmap scan report for Faiz.bbrouter (192.168.1.16)
< Host is up (0.012s latency).
< All 100 scanned ports on Faiz.bbrouter (192.168.1.16) are in ignored states.
---
> Nmap scan report for M2006C3MI-POCOC3.bbrouter (192.168.1.6)
> Host is up (0.0085s latency).
> All 100 scanned ports on M2006C3MI-POCOC3.bbrouter (192.168.1.6) are in ignored states.
69,76c27
< MAC Address: 46:F1:23:3C:0E:5A (Unknown)
< 
< Nmap scan report for 192.168.1.17
< Host is up (0.11s latency).
< Not shown: 99 filtered tcp ports (no-response)
< PORT  STATE  SERVICE
< 9/tcp closed discard
< MAC Address: 52:03:B7:9E:19:A3 (Unknown)
---
> MAC Address: 6E:50:CF:B3:BB:1D (Unknown)
79c30
< Host is up (0.0000080s latency).
---
> Host is up (0.0000060s latency).
84c35
< # Nmap done at Thu Jul 10 05:30:31 2025 -- 256 IP addresses (8 hosts up) scanned in 177.87 seconds
---
> # Nmap done at Thu Jul 10 06:20:26 2025 -- 256 IP addresses (5 hosts up) scanned in 7.39 seconds
