1,3c1,2
< # Nmap 7.95 scan initiated Thu Jul 10 08:20:55 2025 as: /usr/lib/nmap/nmap -T4 -F -oN ./scan/scan_2025-07-10_08-20.txt 192.168.1.0/24
< Nmap scan report for RTK_GW.bbrouter (192.168.1.1)
< Host is up (0.0073s latency).
---
> # Nmap 7.95 scan initiated Thu Jul 10 08:30:01 2025 as: /usr/lib/nmap/nmap --privileged -T4 -F -oN ./scan/scan_2025-07-10_08-30.txt 19Nmap scan report for RTK_GW.bbrouter (192.168.1.1)
> Host is up (0.0058s latency).
11c10
< Host is up (0.0079s latency).
---
> Host is up (0.0057s latency).
17c16
< Host is up (0.0075s latency).
---
> Host is up (0.0065s latency).
24c23
< Host is up (0.000011s latency).
---
> Host is up (0.000010s latency).
29c28
< # Nmap done at Thu Jul 10 08:21:00 2025 -- 256 IP addresses (4 hosts up) scanned in 4.67 seconds
---
> # Nmap done at Thu Jul 10 08:30:05 2025 -- 256 IP addresses (4 hosts up) scanned in 4.67 seconds
