1c1
< # Nmap 7.95 scan initiated Sat Jul 12 14:30:01 2025 as: /usr/lib/nmap/nmap -T4 -F -oN ./scan/scan_2025-07-12_14-30.txt 192.168.1.0/24
---
> # Nmap 7.95 scan initiated Sat Jul 12 14:47:19 2025 as: /usr/lib/nmap/nmap -T4 -F -oN ./scan/scan_2025-07-12_14-47.txt 192.168.1.0/24
3c3
< Host is up (0.0067s latency).
---
> Host is up (0.0089s latency).
11c11
< Host is up (0.0068s latency).
---
> Host is up (0.0099s latency).
17c17
< Host is up (0.0079s latency).
---
> Host is up (0.0072s latency).
24,27c24,26
< Host is up (0.0000040s latency).
< Not shown: 99 closed tcp ports (reset)
< PORT     STATE SERVICE
< 5000/tcp open  upnp
---
> Host is up (0.0000020s latency).
> All 100 scanned ports on kali.bbrouter (192.168.1.8) are in ignored states.
> Not shown: 100 closed tcp ports (reset)
29c28
< # Nmap done at Sat Jul 12 14:30:06 2025 -- 256 IP addresses (4 hosts up) scanned in 4.78 seconds
---
> # Nmap done at Sat Jul 12 14:47:24 2025 -- 256 IP addresses (4 hosts up) scanned in 4.88 seconds
