1c1
< # Nmap 7.95 scan initiated Thu Jul 10 13:00:02 2025 as: /usr/lib/nmap/nmap -T4 -F -oN ./scan/scan_2025-07-10_13-00.txt 192.168.1.0/24
---
> # Nmap 7.95 scan initiated Thu Jul 10 13:01:09 2025 as: /usr/lib/nmap/nmap -T4 -F -oN ./scan/scan_2025-07-10_13-01.txt 192.168.1.0/24
3c3
< Host is up (0.010s latency).
---
> Host is up (0.0079s latency).
11c11
< Host is up (0.011s latency).
---
> Host is up (0.019s latency).
17c17
< Host is up (0.0082s latency).
---
> Host is up (0.0083s latency).
22a23,28
> Nmap scan report for 192.168.1.10
> Host is up (0.10s latency).
> All 100 scanned ports on 192.168.1.10 are in ignored states.
> Not shown: 100 filtered tcp ports (no-response)
> MAC Address: B6:19:D8:86:51:21 (Unknown)
> 
24c30
< Host is up (0.0000090s latency).
---
> Host is up (0.000011s latency).
29c35
< # Nmap done at Thu Jul 10 13:00:06 2025 -- 256 IP addresses (4 hosts up) scanned in 4.66 seconds
---
> # Nmap done at Thu Jul 10 13:01:32 2025 -- 256 IP addresses (5 hosts up) scanned in 22.65 seconds
