1c1
< # Nmap 7.95 scan initiated Wed Jul  9 12:15:00 2025 as: /usr/lib/nmap/nmap -T4 -F -oN ./scan/scan_2025-07-09_12-15.txt 192.168.1.0/24
---
> # Nmap 7.95 scan initiated Wed Jul  9 12:17:48 2025 as: /usr/lib/nmap/nmap -T4 -F -oN ./scan/scan_2025-07-09_12-17.txt 192.168.1.0/24
3c3
< Host is up (0.0049s latency).
---
> Host is up (0.0068s latency).
11c11
< Host is up (0.0052s latency).
---
> Host is up (0.0077s latency).
17c17
< Host is up (0.0057s latency).
---
> Host is up (0.0064s latency).
24c24
< Host is up (0.0000060s latency).
---
> Host is up (0.0000080s latency).
28c28
< # Nmap done at Wed Jul  9 12:15:05 2025 -- 256 IP addresses (4 hosts up) scanned in 4.88 seconds
---
> # Nmap done at Wed Jul  9 12:17:53 2025 -- 256 IP addresses (4 hosts up) scanned in 4.68 seconds
