1c1
< # Nmap 7.95 scan initiated Wed Jul  9 12:17:48 2025 as: /usr/lib/nmap/nmap -T4 -F -oN ./scan/scan_2025-07-09_12-17.txt 192.168.1.0/24
---
> # Nmap 7.95 scan initiated Wed Jul  9 12:31:04 2025 as: /usr/lib/nmap/nmap -T4 -F -oN ./scan/scan_2025-07-09_12-31.txt 192.168.1.0/24
3c3
< Host is up (0.0068s latency).
---
> Host is up (0.0054s latency).
11c11
< Host is up (0.0077s latency).
---
> Host is up (0.0052s latency).
22a23,28
> Nmap scan report for 192.168.1.7
> Host is up (0.0092s latency).
> All 100 scanned ports on 192.168.1.7 are in ignored states.
> Not shown: 100 closed tcp ports (reset)
> MAC Address: 1E:58:EB:D3:85:DF (Unknown)
> 
24c30
< Host is up (0.0000080s latency).
---
> Host is up (0.000010s latency).
28c34
< # Nmap done at Wed Jul  9 12:17:53 2025 -- 256 IP addresses (4 hosts up) scanned in 4.68 seconds
---
> # Nmap done at Wed Jul  9 12:31:08 2025 -- 256 IP addresses (5 hosts up) scanned in 4.48 seconds
