1c1
< # Nmap 7.95 scan initiated Wed Jul  9 13:13:16 2025 as: /usr/lib/nmap/nmap -T4 -F -oN ./scan/scan_2025-07-09_13-13.txt 192.168.1.0/24
---
> # Nmap 7.95 scan initiated Thu Jul 10 03:41:10 2025 as: /usr/lib/nmap/nmap -T4 -F -oN ./scan/scan_2025-07-10_03-41.txt 192.168.1.0/24
3c3
< Host is up (0.0044s latency).
---
> Host is up (0.0056s latency).
11c11
< Host is up (0.0044s latency).
---
> Host is up (0.0064s latency).
17c17
< Host is up (0.0053s latency).
---
> Host is up (0.0070s latency).
22a23,28
> Nmap scan report for M2006C3MI-POCOC3.bbrouter (192.168.1.6)
> Host is up (0.041s latency).
> All 100 scanned ports on M2006C3MI-POCOC3.bbrouter (192.168.1.6) are in ignored states.
> Not shown: 100 closed tcp ports (reset)
> MAC Address: 6E:50:CF:B3:BB:1D (Unknown)
> 
24,27c30,32
< Host is up (0.0000090s latency).
< Not shown: 99 closed tcp ports (reset)
< PORT     STATE SERVICE
< 5000/tcp open  upnp
---
> Host is up (0.0000040s latency).
> All 100 scanned ports on kali.bbrouter (192.168.1.8) are in ignored states.
> Not shown: 100 closed tcp ports (reset)
29c34
< # Nmap done at Wed Jul  9 13:13:21 2025 -- 256 IP addresses (4 hosts up) scanned in 4.97 seconds
---
> # Nmap done at Thu Jul 10 03:41:17 2025 -- 256 IP addresses (5 hosts up) scanned in 7.52 seconds
