1c1
< # Nmap 7.95 scan initiated Thu Jul 10 11:32:32 2025 as: /usr/lib/nmap/nmap --privileged -T4 -F -oN ./scan/scan_2025-07-10_11-32.txt 192.168.1.0/24
---
> # Nmap 7.95 scan initiated Thu Jul 10 11:37:43 2025 as: /usr/lib/nmap/nmap --privileged -T4 -F -oN ./scan/scan_2025-07-10_11-37.txt 192.168.1.0/24
3c3
< Host is up (0.0057s latency).
---
> Host is up (0.0052s latency).
11c11
< Host is up (0.0044s latency).
---
> Host is up (0.0055s latency).
17c17
< Host is up (0.0074s latency).
---
> Host is up (0.012s latency).
23,34d22
< Nmap scan report for 192.168.1.7
< Host is up (0.016s latency).
< All 100 scanned ports on 192.168.1.7 are in ignored states.
< Not shown: 100 closed tcp ports (reset)
< MAC Address: 1E:58:EB:D3:85:DF (Unknown)
< 
< Nmap scan report for 192.168.1.10
< Host is up (0.18s latency).
< All 100 scanned ports on 192.168.1.10 are in ignored states.
< Not shown: 100 filtered tcp ports (no-response)
< MAC Address: B6:19:D8:86:51:21 (Unknown)
< 
36c24
< Host is up (0.000011s latency).
---
> Host is up (0.0000080s latency).
41c29
< # Nmap done at Thu Jul 10 11:35:08 2025 -- 256 IP addresses (6 hosts up) scanned in 156.28 seconds
---
> # Nmap done at Thu Jul 10 11:37:48 2025 -- 256 IP addresses (4 hosts up) scanned in 4.72 seconds
