1c1
< # Nmap 7.95 scan initiated Sat Jul 12 14:47:19 2025 as: /usr/lib/nmap/nmap -T4 -F -oN ./scan/scan_2025-07-12_14-47.txt 192.168.1.0/24
---
> # Nmap 7.95 scan initiated Sat Jul 12 15:00:01 2025 as: /usr/lib/nmap/nmap -T4 -F -oN ./scan/scan_2025-07-12_15-00.txt 192.168.1.0/24
3c3
< Host is up (0.0089s latency).
---
> Host is up (0.0075s latency).
11c11
< Host is up (0.0099s latency).
---
> Host is up (0.0055s latency).
17c17
< Host is up (0.0072s latency).
---
> Host is up (0.0077s latency).
23,25c23,25
< Nmap scan report for kali.bbrouter (192.168.1.8)
< Host is up (0.0000020s latency).
< All 100 scanned ports on kali.bbrouter (192.168.1.8) are in ignored states.
---
> Nmap scan report for 192.168.1.7
> Host is up (0.0094s latency).
> All 100 scanned ports on 192.168.1.7 are in ignored states.
26a27,33
> MAC Address: 1E:58:EB:D3:85:DF (Unknown)
> 
> Nmap scan report for kali.bbrouter (192.168.1.8)
> Host is up (0.0000060s latency).
> Not shown: 99 closed tcp ports (reset)
> PORT     STATE SERVICE
> 5000/tcp open  upnp
28c35
< # Nmap done at Sat Jul 12 14:47:24 2025 -- 256 IP addresses (4 hosts up) scanned in 4.88 seconds
---
> # Nmap done at Sat Jul 12 15:00:10 2025 -- 256 IP addresses (5 hosts up) scanned in 9.05 seconds
