1c1
< # Nmap 7.95 scan initiated Tue Jul  8 18:18:30 2025 as: /usr/lib/nmap/nmap -T4 -F -oN ./scan/scan_2025-07-08_18-18.txt 192.168.1.0/24
---
> # Nmap 7.95 scan initiated Tue Jul  8 13:07:34 2025 as: /usr/lib/nmap/nmap -T4 -F -oN ./scan/scan_2025-07-08_13-07.txt 192.168.1.0/24
3c3
< Host is up (0.0044s latency).
---
> Host is up (0.0092s latency).
11c11
< Host is up (0.0046s latency).
---
> Host is up (0.011s latency).
17c17
< Host is up (0.0047s latency).
---
> Host is up (0.011s latency).
24c24
< Host is up (0.23s latency).
---
> Host is up (0.0087s latency).
34c34
< # Nmap done at Tue Jul  8 18:18:36 2025 -- 256 IP addresses (5 hosts up) scanned in 6.21 seconds
---
> # Nmap done at Tue Jul  8 13:07:43 2025 -- 256 IP addresses (5 hosts up) scanned in 9.11 seconds
