1c1
< # Nmap 7.95 scan initiated Wed Jul  9 12:50:52 2025 as: /usr/lib/nmap/nmap -T4 -F -oN ./scan/scan_2025-07-09_12-50.txt 192.168.1.0/24
---
> # Nmap 7.95 scan initiated Wed Jul  9 13:08:38 2025 as: /usr/lib/nmap/nmap -T4 -F -oN ./scan/scan_2025-07-09_13-08.txt 192.168.1.0/24
3c3
< Host is up (0.0048s latency).
---
> Host is up (0.0064s latency).
17c17
< Host is up (0.0051s latency).
---
> Host is up (0.0043s latency).
23,34d22
< Nmap scan report for 192.168.1.7
< Host is up (0.013s latency).
< All 100 scanned ports on 192.168.1.7 are in ignored states.
< Not shown: 100 closed tcp ports (reset)
< MAC Address: 1E:58:EB:D3:85:DF (Unknown)
< 
< Nmap scan report for V2153.bbrouter (192.168.1.9)
< Host is up (0.023s latency).
< All 100 scanned ports on V2153.bbrouter (192.168.1.9) are in ignored states.
< Not shown: 100 closed tcp ports (reset)
< MAC Address: A6:A1:DC:6F:05:DA (Unknown)
< 
36c24
< Host is up (0.12s latency).
---
> Host is up (0.11s latency).
42,44c30,33
< Host is up (0.0000040s latency).
< All 100 scanned ports on kali.bbrouter (192.168.1.8) are in ignored states.
< Not shown: 100 closed tcp ports (reset)
---
> Host is up (0.0000030s latency).
> Not shown: 99 closed tcp ports (reset)
> PORT     STATE SERVICE
> 5000/tcp open  upnp
46c35
< # Nmap done at Wed Jul  9 12:51:04 2025 -- 256 IP addresses (7 hosts up) scanned in 11.82 seconds
---
> # Nmap done at Wed Jul  9 13:09:17 2025 -- 256 IP addresses (5 hosts up) scanned in 38.70 seconds
