1c1
< # Nmap 7.95 scan initiated Wed Jul  9 13:08:38 2025 as: /usr/lib/nmap/nmap -T4 -F -oN ./scan/scan_2025-07-09_13-08.txt 192.168.1.0/24
---
> # Nmap 7.95 scan initiated Wed Jul  9 13:13:16 2025 as: /usr/lib/nmap/nmap -T4 -F -oN ./scan/scan_2025-07-09_13-13.txt 192.168.1.0/24
3c3
< Host is up (0.0064s latency).
---
> Host is up (0.0044s latency).
17c17
< Host is up (0.0043s latency).
---
> Host is up (0.0053s latency).
23,28d22
< Nmap scan report for 192.168.1.10
< Host is up (0.11s latency).
< All 100 scanned ports on 192.168.1.10 are in ignored states.
< Not shown: 100 filtered tcp ports (no-response)
< MAC Address: B6:19:D8:86:51:21 (Unknown)
< 
30c24
< Host is up (0.0000030s latency).
---
> Host is up (0.0000090s latency).
35c29
< # Nmap done at Wed Jul  9 13:09:17 2025 -- 256 IP addresses (5 hosts up) scanned in 38.70 seconds
---
> # Nmap done at Wed Jul  9 13:13:21 2025 -- 256 IP addresses (4 hosts up) scanned in 4.97 seconds
