1c1
< # Nmap 7.95 scan initiated Sat Jul 12 14:00:01 2025 as: /usr/lib/nmap/nmap -T4 -F -oN ./scan/scan_2025-07-12_14-00.txt 192.168.1.0/24
---
> # Nmap 7.95 scan initiated Sat Jul 12 14:03:58 2025 as: /usr/lib/nmap/nmap -T4 -F -oN ./scan/scan_2025-07-12_14-03.txt 192.168.1.0/24
3c3
< Host is up (0.0044s latency).
---
> Host is up (0.0042s latency).
11c11
< Host is up (0.0047s latency).
---
> Host is up (0.0046s latency).
17c17
< Host is up (0.0058s latency).
---
> Host is up (0.0052s latency).
24c24
< Host is up (0.58s latency).
---
> Host is up (0.37s latency).
28a29,40
> Nmap scan report for 192.168.1.7
> Host is up (0.0059s latency).
> All 100 scanned ports on 192.168.1.7 are in ignored states.
> Not shown: 100 closed tcp ports (reset)
> MAC Address: 1E:58:EB:D3:85:DF (Unknown)
> 
> Nmap scan report for Faiz.bbrouter (192.168.1.16)
> Host is up (0.023s latency).
> All 100 scanned ports on Faiz.bbrouter (192.168.1.16) are in ignored states.
> Not shown: 100 closed tcp ports (reset)
> MAC Address: 46:F1:23:3C:0E:5A (Unknown)
> 
35c47
< # Nmap done at Sat Jul 12 14:00:19 2025 -- 256 IP addresses (5 hosts up) scanned in 17.38 seconds
---
> # Nmap done at Sat Jul 12 14:04:29 2025 -- 256 IP addresses (7 hosts up) scanned in 30.85 seconds
