1c1
< # Nmap 7.95 scan initiated Fri Jul 11 09:41:59 2025 as: /usr/lib/nmap/nmap -T4 -F -oN ./scan/scan_2025-07-11_09-41.txt 192.168.1.0/24
---
> # Nmap 7.95 scan initiated Fri Jul 11 10:00:01 2025 as: /usr/lib/nmap/nmap -T4 -F -oN ./scan/scan_2025-07-11_10-00.txt 192.168.1.0/24
3c3
< Host is up (0.0053s latency).
---
> Host is up (0.013s latency).
11c11
< Host is up (0.033s latency).
---
> Host is up (0.0033s latency).
17c17
< Host is up (0.038s latency).
---
> Host is up (0.0038s latency).
22a23,28
> Nmap scan report for V2153.bbrouter (192.168.1.9)
> Host is up (0.0077s latency).
> All 100 scanned ports on V2153.bbrouter (192.168.1.9) are in ignored states.
> Not shown: 100 closed tcp ports (reset)
> MAC Address: A6:A1:DC:6F:05:DA (Unknown)
> 
24c30
< Host is up (0.017s latency).
---
> Host is up (0.093s latency).
30c36
< Host is up (0.000011s latency).
---
> Host is up (0.0000090s latency).
34c40
< # Nmap done at Fri Jul 11 09:42:07 2025 -- 256 IP addresses (5 hosts up) scanned in 7.79 seconds
---
> # Nmap done at Fri Jul 11 10:01:06 2025 -- 256 IP addresses (6 hosts up) scanned in 64.67 seconds
