1c1
< # Nmap 7.95 scan initiated Tue Jul  8 11:50:17 2025 as: /usr/lib/nmap/nmap -T4 -F -oN ./scan/scan_2025-07-08_11-50.txt 192.168.1.0/24
---
> # Nmap 7.95 scan initiated Tue Jul  8 18:18:30 2025 as: /usr/lib/nmap/nmap -T4 -F -oN ./scan/scan_2025-07-08_18-18.txt 192.168.1.0/24
3c3
< Host is up (0.0036s latency).
---
> Host is up (0.0044s latency).
11c11
< Host is up (0.0036s latency).
---
> Host is up (0.0046s latency).
17c17
< Host is up (0.0038s latency).
---
> Host is up (0.0047s latency).
24c24
< Host is up (0.064s latency).
---
> Host is up (0.23s latency).
26c26
< Not shown: 100 filtered tcp ports (no-response)
---
> Not shown: 100 closed tcp ports (reset)
30c30
< Host is up (0.0000060s latency).
---
> Host is up (0.0000020s latency).
34c34
< # Nmap done at Tue Jul  8 11:50:23 2025 -- 256 IP addresses (5 hosts up) scanned in 6.52 seconds
---
> # Nmap done at Tue Jul  8 18:18:36 2025 -- 256 IP addresses (5 hosts up) scanned in 6.21 seconds
