1c1
< # Nmap 7.95 scan initiated Sat Jul 12 14:03:58 2025 as: /usr/lib/nmap/nmap -T4 -F -oN ./scan/scan_2025-07-12_14-03.txt 192.168.1.0/24
---
> # Nmap 7.95 scan initiated Sat Jul 12 14:07:51 2025 as: /usr/lib/nmap/nmap -T4 -F -oN ./scan/scan_2025-07-12_14-07.txt 192.168.1.0/24
3c3
< Host is up (0.0042s latency).
---
> Host is up (0.021s latency).
11c11
< Host is up (0.0046s latency).
---
> Host is up (0.033s latency).
17c17
< Host is up (0.0052s latency).
---
> Host is up (0.020s latency).
24c24
< Host is up (0.37s latency).
---
> Host is up (0.16s latency).
29,40d28
< Nmap scan report for 192.168.1.7
< Host is up (0.0059s latency).
< All 100 scanned ports on 192.168.1.7 are in ignored states.
< Not shown: 100 closed tcp ports (reset)
< MAC Address: 1E:58:EB:D3:85:DF (Unknown)
< 
< Nmap scan report for Faiz.bbrouter (192.168.1.16)
< Host is up (0.023s latency).
< All 100 scanned ports on Faiz.bbrouter (192.168.1.16) are in ignored states.
< Not shown: 100 closed tcp ports (reset)
< MAC Address: 46:F1:23:3C:0E:5A (Unknown)
< 
42c30
< Host is up (0.0000030s latency).
---
> Host is up (0.000014s latency).
47c35
< # Nmap done at Sat Jul 12 14:04:29 2025 -- 256 IP addresses (7 hosts up) scanned in 30.85 seconds
---
> # Nmap done at Sat Jul 12 14:08:07 2025 -- 256 IP addresses (5 hosts up) scanned in 15.42 seconds
