1c1
< # Nmap 7.95 scan initiated Thu Jul 10 12:31:06 2025 as: /usr/lib/nmap/nmap -T4 -F -oN ./scan/scan_2025-07-10_12-31.txt 192.168.1.0/24
---
> # Nmap 7.95 scan initiated Thu Jul 10 13:00:02 2025 as: /usr/lib/nmap/nmap -T4 -F -oN ./scan/scan_2025-07-10_13-00.txt 192.168.1.0/24
3c3
< Host is up (0.0074s latency).
---
> Host is up (0.010s latency).
11c11
< Host is up (0.0078s latency).
---
> Host is up (0.011s latency).
17c17
< Host is up (0.010s latency).
---
> Host is up (0.0082s latency).
23,34d22
< Nmap scan report for 192.168.1.7
< Host is up (0.045s latency).
< All 100 scanned ports on 192.168.1.7 are in ignored states.
< Not shown: 100 closed tcp ports (reset)
< MAC Address: 1E:58:EB:D3:85:DF (Unknown)
< 
< Nmap scan report for 192.168.1.10
< Host is up (0.21s latency).
< All 100 scanned ports on 192.168.1.10 are in ignored states.
< Not shown: 100 filtered tcp ports (no-response)
< MAC Address: B6:19:D8:86:51:21 (Unknown)
< 
36,38c24,27
< Host is up (0.0000080s latency).
< All 100 scanned ports on kali.bbrouter (192.168.1.8) are in ignored states.
< Not shown: 100 closed tcp ports (reset)
---
> Host is up (0.0000090s latency).
> Not shown: 99 closed tcp ports (reset)
> PORT     STATE SERVICE
> 5000/tcp open  upnp
40c29
< # Nmap done at Thu Jul 10 12:34:07 2025 -- 256 IP addresses (6 hosts up) scanned in 181.26 seconds
---
> # Nmap done at Thu Jul 10 13:00:06 2025 -- 256 IP addresses (4 hosts up) scanned in 4.66 seconds
