1c1
< # Nmap 7.95 scan initiated Thu Jul 10 11:01:54 2025 as: /usr/lib/nmap/nmap --privileged -T4 -F -oN ./scan/scan_2025-07-10_11-01.txt 192.168.1.0/24
---
> # Nmap 7.95 scan initiated Thu Jul 10 11:04:02 2025 as: /usr/lib/nmap/nmap --privileged -T4 -F -oN ./scan/scan_2025-07-10_11-04.txt 192.168.1.0/24
3c3
< Host is up (0.0041s latency).
---
> Host is up (0.011s latency).
11c11
< Host is up (0.0044s latency).
---
> Host is up (0.012s latency).
17c17
< Host is up (0.0062s latency).
---
> Host is up (0.0094s latency).
22a23,28
> Nmap scan report for 192.168.1.7
> Host is up (0.023s latency).
> All 100 scanned ports on 192.168.1.7 are in ignored states.
> Not shown: 100 closed tcp ports (reset)
> MAC Address: 1E:58:EB:D3:85:DF (Unknown)
> 
24c30
< Host is up (0.0000080s latency).
---
> Host is up (0.0000060s latency).
29c35
< # Nmap done at Thu Jul 10 11:01:58 2025 -- 256 IP addresses (4 hosts up) scanned in 4.78 seconds
---
> # Nmap done at Thu Jul 10 11:04:06 2025 -- 256 IP addresses (5 hosts up) scanned in 4.62 seconds
