1c1
< # Nmap 7.95 scan initiated Wed Jul  9 11:28:12 2025 as: /usr/lib/nmap/nmap -T4 -F -oN ./scan/scan_2025-07-09_11-28.txt 192.168.1.0/24
---
> # Nmap 7.95 scan initiated Wed Jul  9 11:29:34 2025 as: /usr/lib/nmap/nmap -T4 -F -oN ./scan/scan_2025-07-09_11-29.txt 192.168.1.0/24
3c3
< Host is up (0.0049s latency).
---
> Host is up (0.0051s latency).
11c11
< Host is up (0.0088s latency).
---
> Host is up (0.0045s latency).
17c17
< Host is up (0.0073s latency).
---
> Host is up (0.0054s latency).
22a23,35
> Nmap scan report for 192.168.1.7
> Host is up (0.0046s latency).
> All 100 scanned ports on 192.168.1.7 are in ignored states.
> Not shown: 100 closed tcp ports (reset)
> MAC Address: 1E:58:EB:D3:85:DF (Unknown)
> 
> Nmap scan report for 192.168.1.10
> Host is up (0.063s latency).
> Not shown: 99 filtered tcp ports (no-response)
> PORT     STATE SERVICE
> 6646/tcp open  unknown
> MAC Address: B6:19:D8:86:51:21 (Unknown)
> 
24c37
< Host is up (0.0000010s latency).
---
> Host is up (0.0000020s latency).
28c41
< # Nmap done at Wed Jul  9 11:28:17 2025 -- 256 IP addresses (4 hosts up) scanned in 5.10 seconds
---
> # Nmap done at Wed Jul  9 11:29:42 2025 -- 256 IP addresses (6 hosts up) scanned in 8.08 seconds
