1c1
< # Nmap 7.95 scan initiated Thu Jul 10 22:00:01 2025 as: /usr/lib/nmap/nmap -T4 -F -oN ./scan/scan_2025-07-10_22-00.txt 192.168.1.0/24
---
> # Nmap 7.95 scan initiated Thu Jul 10 22:03:38 2025 as: /usr/lib/nmap/nmap -T4 -F -oN ./scan/scan_2025-07-10_22-03.txt 192.168.1.0/24
3c3
< Host is up (0.0046s latency).
---
> Host is up (0.0095s latency).
11c11
< Host is up (0.0049s latency).
---
> Host is up (0.0047s latency).
17c17
< Host is up (0.0053s latency).
---
> Host is up (0.0082s latency).
24c24
< Host is up (0.0069s latency).
---
> Host is up (0.018s latency).
30,32c30,33
< Host is up (0.0000070s latency).
< All 100 scanned ports on kali.bbrouter (192.168.1.8) are in ignored states.
< Not shown: 100 closed tcp ports (reset)
---
> Host is up (0.0000090s latency).
> Not shown: 99 closed tcp ports (reset)
> PORT     STATE SERVICE
> 5000/tcp open  upnp
34c35
< # Nmap done at Thu Jul 10 22:00:09 2025 -- 256 IP addresses (5 hosts up) scanned in 8.02 seconds
---
> # Nmap done at Thu Jul 10 22:03:44 2025 -- 256 IP addresses (5 hosts up) scanned in 6.31 seconds
