1c1
< # Nmap 7.95 scan initiated Mon Jul  7 02:44:10 2025 as: /usr/lib/nmap/nmap -T4 -F -oN ./scan/scan_2025-07-07_02-44.txt 192.168.1.0/24
---
> # Nmap 7.95 scan initiated Tue Jul  8 11:47:35 2025 as: /usr/lib/nmap/nmap -T4 -F -oN ./scan/scan_2025-07-08_11-47.txt 192.168.1.0/24
3c3
< Host is up (0.0033s latency).
---
> Host is up (0.0072s latency).
11c11
< Host is up (0.0063s latency).
---
> Host is up (0.0083s latency).
17c17
< Host is up (0.0070s latency).
---
> Host is up (0.0081s latency).
23,28d22
< Nmap scan report for 192.168.1.7
< Host is up (0.013s latency).
< All 100 scanned ports on 192.168.1.7 are in ignored states.
< Not shown: 100 closed tcp ports (reset)
< MAC Address: 1E:58:EB:D3:85:DF (Unknown)
< 
34c28
< # Nmap done at Mon Jul  7 02:44:18 2025 -- 256 IP addresses (5 hosts up) scanned in 7.37 seconds
---
> # Nmap done at Tue Jul  8 11:47:39 2025 -- 256 IP addresses (4 hosts up) scanned in 4.69 seconds
