1c1
< # Nmap 7.95 scan initiated Tue Jul  8 13:48:33 2025 as: /usr/lib/nmap/nmap -T4 -F -oN ./scan/scan_2025-07-08_13-48.txt 192.168.1.0/24
---
> # Nmap 7.95 scan initiated Tue Jul  8 13:51:48 2025 as: /usr/lib/nmap/nmap -T4 -F -oN ./scan/scan_2025-07-08_13-51.txt 192.168.1.0/24
3c3
< Host is up (0.0099s latency).
---
> Host is up (0.0095s latency).
11c11
< Host is up (0.012s latency).
---
> Host is up (0.011s latency).
17c17
< Host is up (0.0089s latency).
---
> Host is up (0.0085s latency).
24c24
< Host is up (0.0000020s latency).
---
> Host is up (0.0000040s latency).
28c28
< # Nmap done at Tue Jul  8 13:48:38 2025 -- 256 IP addresses (4 hosts up) scanned in 5.10 seconds
---
> # Nmap done at Tue Jul  8 13:51:53 2025 -- 256 IP addresses (4 hosts up) scanned in 4.69 seconds
