1c1
< # Nmap 7.95 scan initiated Thu Jul 10 04:58:00 2025 as: /usr/lib/nmap/nmap -T4 -F -oN ./scan/scan_2025-07-10_04-58.txt 192.168.1.0/24
---
> # Nmap 7.95 scan initiated Thu Jul 10 05:06:38 2025 as: /usr/lib/nmap/nmap -T4 -F -oN ./scan/scan_2025-07-10_05-06.txt 192.168.1.0/24
3c3
< Host is up (0.0048s latency).
---
> Host is up (0.0038s latency).
11c11
< Host is up (0.0052s latency).
---
> Host is up (0.0037s latency).
17c17
< Host is up (0.0059s latency).
---
> Host is up (0.0086s latency).
22a23,28
> Nmap scan report for 192.168.1.10
> Host is up (0.40s latency).
> All 100 scanned ports on 192.168.1.10 are in ignored states.
> Not shown: 100 filtered tcp ports (no-response)
> MAC Address: B6:19:D8:86:51:21 (Unknown)
> 
24c30
< Host is up (0.049s latency).
---
> Host is up (0.075s latency).
30c36
< Host is up (0.000014s latency).
---
> Host is up (0.0000070s latency).
35c41
< # Nmap done at Thu Jul 10 04:58:06 2025 -- 256 IP addresses (5 hosts up) scanned in 5.44 seconds
---
> # Nmap done at Thu Jul 10 05:06:56 2025 -- 256 IP addresses (6 hosts up) scanned in 18.00 seconds
