1c1
< # Nmap 7.95 scan initiated Thu Jul 10 07:30:01 2025 as: /usr/lib/nmap/nmap -T4 -F -oN ./scan/scan_2025-07-10_07-30.txt 192.168.1.0/24
---
> # Nmap 7.95 scan initiated Thu Jul 10 07:50:49 2025 as: /usr/lib/nmap/nmap -T4 -F -oN ./scan/scan_2025-07-10_07-50.txt 192.168.1.0/24
3c3
< Host is up (0.010s latency).
---
> Host is up (0.0065s latency).
11c11
< Host is up (0.013s latency).
---
> Host is up (0.0075s latency).
17c17
< Host is up (0.012s latency).
---
> Host is up (0.0073s latency).
23,25c23,25
< Nmap scan report for 192.168.1.11
< Host is up (0.038s latency).
< All 100 scanned ports on 192.168.1.11 are in ignored states.
---
> Nmap scan report for M2006C3MI-POCOC3.bbrouter (192.168.1.6)
> Host is up (0.32s latency).
> All 100 scanned ports on M2006C3MI-POCOC3.bbrouter (192.168.1.6) are in ignored states.
27c27
< MAC Address: EC:C1:AB:56:B5:FF (Guangzhou Shiyuan Electronic Technology Company Limited)
---
> MAC Address: 6E:50:CF:B3:BB:1D (Unknown)
30c30
< Host is up (0.0000060s latency).
---
> Host is up (0.000010s latency).
35c35
< # Nmap done at Thu Jul 10 07:30:06 2025 -- 256 IP addresses (5 hosts up) scanned in 4.95 seconds
---
> # Nmap done at Thu Jul 10 07:50:56 2025 -- 256 IP addresses (5 hosts up) scanned in 7.50 seconds
